<?xml version="1.0" encoding="UTF-8"?>
<coverage generated="1772289191093" clover="3.2.0">
  <project timestamp="1772289191094" name="All files">
    <metrics statements="15" coveredstatements="15" conditionals="3" coveredconditionals="3" methods="4" coveredmethods="4" elements="22" coveredelements="22" complexity="0" loc="15" ncloc="15" packages="1" files="2" classes="2"/>
    <file name="Update.js" path="C:\Users\anwar\OneDrive\Desktop\Schule Csbe\2 Jahr\Modul\09 - 323 Funktional Programmieren Moritz Maier\Aufgaben scripts\AB6\modul323-counter\src\Update.js">
      <metrics statements="6" coveredstatements="6" conditionals="3" coveredconditionals="3" methods="1" coveredmethods="1"/>
      <line num="1" count="2" type="stmt"/>
      <line num="7" count="7" type="cond" truecount="3" falsecount="0"/>
      <line num="9" count="2" type="stmt"/>
      <line num="11" count="2" type="stmt"/>
      <line num="13" count="3" type="stmt"/>
      <line num="17" count="2" type="stmt"/>
    </file>
    <file name="View.js" path="C:\Users\anwar\OneDrive\Desktop\Schule Csbe\2 Jahr\Modul\09 - 323 Funktional Programmieren Moritz Maier\Aufgaben scripts\AB6\modul323-counter\src\View.js">
      <metrics statements="9" coveredstatements="9" conditionals="0" coveredconditionals="0" methods="3" coveredmethods="3"/>
      <line num="1" count="1" type="stmt"/>
      <line num="2" count="1" type="stmt"/>
      <line num="3" count="1" type="stmt"/>
      <line num="5" count="1" type="stmt"/>
      <line num="8" count="5" type="stmt"/>
      <line num="9" count="5" type="stmt"/>
      <line num="12" count="1" type="stmt"/>
      <line num="13" count="1" type="stmt"/>
      <line num="18" count="1" type="stmt"/>
    </file>
  </project>
</coverage>
