{"C:\\Users\\anwar\\OneDrive\\Desktop\\Schule Csbe\\2 Jahr\\Modul\\09 - 323 Funktional Programmieren Moritz Maier\\Aufgaben scripts\\AB6\\modul323-counter\\src\\Update.js": {"path":"C:\\Users\\anwar\\OneDrive\\Desktop\\Schule Csbe\\2 Jahr\\Modul\\09 - 323 Funktional Programmieren Moritz Maier\\Aufgaben scripts\\AB6\\modul323-counter\\src\\Update.js","statementMap":{"0":{"start":{"line":1,"column":13},"end":{"line":4,"column":1}},"1":{"start":{"line":7,"column":2},"end":{"line":14,"column":3}},"2":{"start":{"line":9,"column":6},"end":{"line":9,"column":54}},"3":{"start":{"line":11,"column":6},"end":{"line":11,"column":54}},"4":{"start":{"line":13,"column":6},"end":{"line":13,"column":26}},"5":{"start":{"line":17,"column":0},"end":{"line":17,"column":34}}},"fnMap":{"0":{"name":"update","decl":{"start":{"line":6,"column":9},"end":{"line":6,"column":15}},"loc":{"start":{"line":6,"column":28},"end":{"line":15,"column":1}},"line":6}},"branchMap":{"0":{"loc":{"start":{"line":7,"column":2},"end":{"line":14,"column":3}},"type":"switch","locations":[{"start":{"line":8,"column":4},"end":{"line":9,"column":54}},{"start":{"line":10,"column":4},"end":{"line":11,"column":54}},{"start":{"line":12,"column":4},"end":{"line":13,"column":26}}],"line":7}},"s":{"0":2,"1":7,"2":2,"3":2,"4":3,"5":2},"f":{"0":7},"b":{"0":[2,2,3]},"_coverageSchema":"1a1c01bbd47fc00a2c39e90264f33305004495a9","hash":"7a694c49f6eb6bfdb86a83f3290ddd6d4b59632b"}
,"C:\\Users\\anwar\\OneDrive\\Desktop\\Schule Csbe\\2 Jahr\\Modul\\09 - 323 Funktional Programmieren Moritz Maier\\Aufgaben scripts\\AB6\\modul323-counter\\src\\View.js": {"path":"C:\\Users\\anwar\\OneDrive\\Desktop\\Schule Csbe\\2 Jahr\\Modul\\09 - 323 Funktional Programmieren Moritz Maier\\Aufgaben scripts\\AB6\\modul323-counter\\src\\View.js","statementMap":{"0":{"start":{"line":1,"column":11},"end":{"line":1,"column":41}},"1":{"start":{"line":2,"column":10},"end":{"line":2,"column":34}},"2":{"start":{"line":3,"column":17},"end":{"line":3,"column":36}},"3":{"start":{"line":5,"column":24},"end":{"line":5,"column":29}},"4":{"start":{"line":8,"column":19},"end":{"line":8,"column":89}},"5":{"start":{"line":9,"column":2},"end":{"line":15,"column":5}},"6":{"start":{"line":12,"column":51},"end":{"line":12,"column":69}},"7":{"start":{"line":13,"column":51},"end":{"line":13,"column":74}},"8":{"start":{"line":18,"column":0},"end":{"line":18,"column":26}}},"fnMap":{"0":{"name":"view","decl":{"start":{"line":7,"column":9},"end":{"line":7,"column":13}},"loc":{"start":{"line":7,"column":31},"end":{"line":16,"column":1}},"line":7},"1":{"name":"(anonymous_1)","decl":{"start":{"line":12,"column":45},"end":{"line":12,"column":46}},"loc":{"start":{"line":12,"column":51},"end":{"line":12,"column":69}},"line":12},"2":{"name":"(anonymous_2)","decl":{"start":{"line":13,"column":45},"end":{"line":13,"column":46}},"loc":{"start":{"line":13,"column":51},"end":{"line":13,"column":74}},"line":13}},"branchMap":{},"s":{"0":1,"1":1,"2":1,"3":1,"4":5,"5":5,"6":1,"7":1,"8":1},"f":{"0":5,"1":1,"2":1},"b":{},"_coverageSchema":"1a1c01bbd47fc00a2c39e90264f33305004495a9","hash":"48c352e1173b3de984654cdba0e0fdc288b323d2"}
}
